-------------------------------------------------------------------------------
Test set: ar.edu.unlp.info.bd2.services.MLServiceTestCase
-------------------------------------------------------------------------------
Tests run: 1, Failures: 0, Errors: 1, Skipped: 0, Time elapsed: 321.782 sec <<< FAILURE! - in ar.edu.unlp.info.bd2.services.MLServiceTestCase
testCreateCategory  Time elapsed: 0.278 sec  <<< ERROR!
java.lang.IllegalStateException: Failed to load ApplicationContext
Caused by: org.springframework.beans.factory.BeanCreationException: Error creating bean with name 'elasticsearchTemplate' defined in ar.edu.unlp.info.bd2.config.ElasticSearchConfiguration: Bean instantiation via factory method failed; nested exception is org.springframework.beans.BeanInstantiationException: Failed to instantiate [org.springframework.data.elasticsearch.core.ElasticsearchOperations]: Factory method 'elasticsearchTemplate' threw exception; nested exception is java.lang.NoClassDefFoundError: org/springframework/data/mapping/model/EntityInstantiators
Caused by: org.springframework.beans.BeanInstantiationException: Failed to instantiate [org.springframework.data.elasticsearch.core.ElasticsearchOperations]: Factory method 'elasticsearchTemplate' threw exception; nested exception is java.lang.NoClassDefFoundError: org/springframework/data/mapping/model/EntityInstantiators
Caused by: java.lang.NoClassDefFoundError: org/springframework/data/mapping/model/EntityInstantiators
Caused by: java.lang.ClassNotFoundException: org.springframework.data.mapping.model.EntityInstantiators

