<?xml version="1.0" encoding="UTF-8"?>
<testsuite xmlns:xsi="http://www.w3.org/2001/XMLSchema-instance" xsi:schemaLocation="https://maven.apache.org/surefire/maven-surefire-plugin/xsd/surefire-test-report.xsd" name="ar.edu.unlp.info.bd2.services.MLServiceTestCase" time="321.782" tests="1" errors="1" skipped="0" failures="0">
  <properties>
[...]
</properties>
  <testcase name="testCreateCategory" classname="ar.edu.unlp.info.bd2.services.MLServiceTestCase" time="0.278">
    <error message="Failed to load ApplicationContext" type="java.lang.IllegalStateException">java.lang.IllegalStateException: Failed to load ApplicationContext
Caused by: org.springframework.beans.factory.BeanCreationException: Error creating bean with name 'elasticsearchTemplate' defined in ar.edu.unlp.info.bd2.config.ElasticSearchConfiguration: Bean instantiation via factory method failed; nested exception is org.springframework.beans.BeanInstantiationException: Failed to instantiate [org.springframework.data.elasticsearch.core.ElasticsearchOperations]: Factory method 'elasticsearchTemplate' threw exception; nested exception is java.lang.NoClassDefFoundError: org/springframework/data/mapping/model/EntityInstantiators
Caused by: org.springframework.beans.BeanInstantiationException: Failed to instantiate [org.springframework.data.elasticsearch.core.ElasticsearchOperations]: Factory method 'elasticsearchTemplate' threw exception; nested exception is java.lang.NoClassDefFoundError: org/springframework/data/mapping/model/EntityInstantiators
Caused by: java.lang.NoClassDefFoundError: org/springframework/data/mapping/model/EntityInstantiators
Caused by: java.lang.ClassNotFoundException: org.springframework.data.mapping.model.EntityInstantiators
</error>
    <system-out><![CDATA[12:32:13.904 [main] DEBUG org.springframework.test.context.BootstrapUtils - Instantiating CacheAwareContextLoaderDelegate from class [org.springframework.test.context.cache.DefaultCacheAwareContextLoaderDelegate]
12:32:14.235 [main] DEBUG org.springframework.test.context.BootstrapUtils - Instantiating BootstrapContext using constructor [public org.springframework.test.context.support.DefaultBootstrapContext(java.lang.Class,org.springframework.test.context.CacheAwareContextLoaderDelegate)]
12:32:14.598 [main] DEBUG org.springframework.test.context.BootstrapUtils - Instantiating TestContextBootstrapper for test class [ar.edu.unlp.info.bd2.services.MLServiceTestCase] from class [org.springframework.test.context.support.DefaultTestContextBootstrapper]
12:32:15.036 [main] DEBUG org.springframework.test.context.support.DefaultTestContextBootstrapper - Found explicit ContextLoader class [org.springframework.test.context.support.AnnotationConfigContextLoader] for context configuration attributes [ContextConfigurationAttributes@694abbdc declaringClass = 'ar.edu.unlp.info.bd2.services.MLServiceTestCase', classes = '{class ar.edu.unlp.info.bd2.config.ElasticSearchConfiguration}', locations = '{}', inheritLocations = true, initializers = '{}', inheritInitializers = true, name = [null], contextLoaderClass = 'org.springframework.test.context.support.AnnotationConfigContextLoader']
12:32:16.857 [main] DEBUG org.springframework.test.context.support.ActiveProfilesUtils - Could not find an 'annotation declaring class' for annotation type [org.springframework.test.context.ActiveProfiles] and class [ar.edu.unlp.info.bd2.services.MLServiceTestCase]
12:32:16.860 [main] DEBUG org.springframework.test.context.support.DefaultTestContextBootstrapper - @TestExecutionListeners is not present for class [ar.edu.unlp.info.bd2.services.MLServiceTestCase]: using defaults.
12:32:16.874 [main] INFO org.springframework.test.context.support.DefaultTestContextBootstrapper - Loaded default TestExecutionListener class names from location [META-INF/spring.factories]: [org.springframework.test.context.web.ServletTestExecutionListener, org.springframework.test.context.support.DirtiesContextBeforeModesTestExecutionListener, org.springframework.test.context.event.ApplicationEventsTestExecutionListener, org.springframework.test.context.support.DependencyInjectionTestExecutionListener, org.springframework.test.context.support.DirtiesContextTestExecutionListener, org.springframework.test.context.transaction.TransactionalTestExecutionListener, org.springframework.test.context.jdbc.SqlScriptsTestExecutionListener, org.springframework.test.context.event.EventPublishingTestExecutionListener]
12:32:17.406 [main] INFO org.springframework.test.context.support.DefaultTestContextBootstrapper - Using TestExecutionListeners: [org.springframework.test.context.web.ServletTestExecutionListener@20d525, org.springframework.test.context.support.DirtiesContextBeforeModesTestExecutionListener@6200f9cb, org.springframework.test.context.event.ApplicationEventsTestExecutionListener@2002fc1d, org.springframework.test.context.support.DependencyInjectionTestExecutionListener@69453e37, org.springframework.test.context.support.DirtiesContextTestExecutionListener@6f4a47c7, org.springframework.test.context.transaction.TransactionalTestExecutionListener@ae13544, org.springframework.test.context.jdbc.SqlScriptsTestExecutionListener@3d34d211, org.springframework.test.context.event.EventPublishingTestExecutionListener@7dc0f706]
12:32:17.411 [main] DEBUG org.springframework.test.context.support.AbstractDirtiesContextTestExecutionListener - Before test class: context [DefaultTestContext@63475ace testClass = MLServiceTestCase, testInstance = [null], testMethod = [null], testException = [null], mergedContextConfiguration = [MergedContextConfiguration@4988d8b8 testClass = MLServiceTestCase, locations = '{}', classes = '{class ar.edu.unlp.info.bd2.config.ElasticSearchConfiguration}', contextInitializerClasses = '[]', activeProfiles = '{}', propertySourceLocations = '{}', propertySourceProperties = '{}', contextCustomizers = set[[empty]], contextLoader = 'org.springframework.test.context.support.AnnotationConfigContextLoader', parent = [null]], attributes = map[[empty]]], class annotated with @DirtiesContext [false] with mode [null].
12:32:17.493 [main] DEBUG org.springframework.test.context.support.DependencyInjectionTestExecutionListener - Performing dependency injection for test context [[DefaultTestContext@63475ace testClass = MLServiceTestCase, testInstance = ar.edu.unlp.info.bd2.services.MLServiceTestCase@33c911a1, testMethod = [null], testException = [null], mergedContextConfiguration = [MergedContextConfiguration@4988d8b8 testClass = MLServiceTestCase, locations = '{}', classes = '{class ar.edu.unlp.info.bd2.config.ElasticSearchConfiguration}', contextInitializerClasses = '[]', activeProfiles = '{}', propertySourceLocations = '{}', propertySourceProperties = '{}', contextCustomizers = set[[empty]], contextLoader = 'org.springframework.test.context.support.AnnotationConfigContextLoader', parent = [null]], attributes = map['org.springframework.test.context.event.ApplicationEventsTestExecutionListener.recordApplicationEvents' -> false]]].
12:32:17.494 [main] DEBUG org.springframework.test.context.support.AbstractGenericContextLoader - Loading ApplicationContext for merged context configuration [[MergedContextConfiguration@4988d8b8 testClass = MLServiceTestCase, locations = '{}', classes = '{class ar.edu.unlp.info.bd2.config.ElasticSearchConfiguration}', contextInitializerClasses = '[]', activeProfiles = '{}', propertySourceLocations = '{}', propertySourceProperties = '{}', contextCustomizers = set[[empty]], contextLoader = 'org.springframework.test.context.support.AnnotationConfigContextLoader', parent = [null]]].
12:32:18.471 [main] DEBUG org.springframework.core.env.StandardEnvironment - Activating profiles []
12:32:18.472 [main] DEBUG org.springframework.test.context.support.AnnotationConfigContextLoader - Registering component classes: {class ar.edu.unlp.info.bd2.config.ElasticSearchConfiguration}
12:32:19.522 [main] DEBUG org.springframework.context.support.GenericApplicationContext - Refreshing org.springframework.context.support.GenericApplicationContext@3098cf3b
12:32:19.746 [main] DEBUG org.springframework.beans.factory.support.DefaultListableBeanFactory - Creating shared instance of singleton bean 'org.springframework.context.annotation.internalConfigurationAnnotationProcessor'
12:32:21.481 [main] INFO org.springframework.data.repository.config.RepositoryConfigurationDelegate - Multiple Spring Data modules found, entering strict repository configuration mode!
12:32:21.645 [main] DEBUG org.springframework.data.repository.config.RepositoryConfigurationDelegate - Scanning for repositories in packages ar.edu.unlp.info.bd2.repositories.
12:32:22.076 [main] DEBUG org.springframework.data.repository.config.RepositoryComponentProvider - Identified candidate component class: file [/home/bd2/git/base-de-datos-2/target/classes/ar/edu/unlp/info/bd2/repositories/CategoryRepository.class]
12:32:22.098 [main] DEBUG org.springframework.data.repository.config.RepositoryComponentProvider - Identified candidate component class: file [/home/bd2/git/base-de-datos-2/target/classes/ar/edu/unlp/info/bd2/repositories/CreditCardPaymentRepository.class]
12:32:22.103 [main] DEBUG org.springframework.data.repository.config.RepositoryComponentProvider - Identified candidate component class: file [/home/bd2/git/base-de-datos-2/target/classes/ar/edu/unlp/info/bd2/repositories/DeliveryMethodRepository.class]
12:32:22.175 [main] DEBUG org.springframework.data.repository.config.RepositoryComponentProvider - Identified candidate component class: file [/home/bd2/git/base-de-datos-2/target/classes/ar/edu/unlp/info/bd2/repositories/OnDeliveryPaymentRepository.class]
12:32:22.182 [main] DEBUG org.springframework.data.repository.config.RepositoryComponentProvider - Identified candidate component class: file [/home/bd2/git/base-de-datos-2/target/classes/ar/edu/unlp/info/bd2/repositories/PaymentMethodRepository.class]
12:32:22.206 [main] DEBUG org.springframework.data.repository.config.RepositoryComponentProvider - Identified candidate component class: file [/home/bd2/git/base-de-datos-2/target/classes/ar/edu/unlp/info/bd2/repositories/ProductOnSaleRepository.class]
12:32:22.226 [main] DEBUG org.springframework.data.repository.config.RepositoryComponentProvider - Identified candidate component class: file [/home/bd2/git/base-de-datos-2/target/classes/ar/edu/unlp/info/bd2/repositories/ProductRepository.class]
12:32:22.250 [main] DEBUG org.springframework.data.repository.config.RepositoryComponentProvider - Identified candidate component class: file [/home/bd2/git/base-de-datos-2/target/classes/ar/edu/unlp/info/bd2/repositories/ProviderRepository.class]
12:32:22.264 [main] DEBUG org.springframework.data.repository.config.RepositoryComponentProvider - Identified candidate component class: file [/home/bd2/git/base-de-datos-2/target/classes/ar/edu/unlp/info/bd2/repositories/PurchaseRepository.class]
12:32:22.282 [main] DEBUG org.springframework.data.repository.config.RepositoryComponentProvider - Identified candidate component class: file [/home/bd2/git/base-de-datos-2/target/classes/ar/edu/unlp/info/bd2/repositories/UserRepository.class]
12:32:24.822 [main] DEBUG org.springframework.data.repository.config.RepositoryConfigurationDelegate - Spring Data Elasticsearch - Registering repository: userRepository - Interface: ar.edu.unlp.info.bd2.repositories.UserRepository - Factory: org.springframework.data.elasticsearch.repository.support.ElasticsearchRepositoryFactoryBean
12:32:25.152 [main] DEBUG org.springframework.data.repository.config.RepositoryConfigurationDelegate - Spring Data Elasticsearch - Registering repository: categoryRepository - Interface: ar.edu.unlp.info.bd2.repositories.CategoryRepository - Factory: org.springframework.data.elasticsearch.repository.support.ElasticsearchRepositoryFactoryBean
12:32:25.215 [main] DEBUG org.springframework.data.repository.config.RepositoryConfigurationDelegate - Spring Data Elasticsearch - Registering repository: onDeliveryPaymentRepository - Interface: ar.edu.unlp.info.bd2.repositories.OnDeliveryPaymentRepository - Factory: org.springframework.data.elasticsearch.repository.support.ElasticsearchRepositoryFactoryBean
12:32:25.236 [main] DEBUG org.springframework.data.repository.config.RepositoryConfigurationDelegate - Spring Data Elasticsearch - Registering repository: deliveryMethodRepository - Interface: ar.edu.unlp.info.bd2.repositories.DeliveryMethodRepository - Factory: org.springframework.data.elasticsearch.repository.support.ElasticsearchRepositoryFactoryBean
12:32:25.256 [main] DEBUG org.springframework.data.repository.config.RepositoryConfigurationDelegate - Spring Data Elasticsearch - Registering repository: productRepository - Interface: ar.edu.unlp.info.bd2.repositories.ProductRepository - Factory: org.springframework.data.elasticsearch.repository.support.ElasticsearchRepositoryFactoryBean
12:32:25.267 [main] DEBUG org.springframework.data.repository.config.RepositoryConfigurationDelegate - Spring Data Elasticsearch - Registering repository: providerRepository - Interface: ar.edu.unlp.info.bd2.repositories.ProviderRepository - Factory: org.springframework.data.elasticsearch.repository.support.ElasticsearchRepositoryFactoryBean
12:32:25.318 [main] DEBUG org.springframework.data.repository.config.RepositoryConfigurationDelegate - Spring Data Elasticsearch - Registering repository: paymentMethodRepository - Interface: ar.edu.unlp.info.bd2.repositories.PaymentMethodRepository - Factory: org.springframework.data.elasticsearch.repository.support.ElasticsearchRepositoryFactoryBean
12:32:25.374 [main] DEBUG org.springframework.data.repository.config.RepositoryConfigurationDelegate - Spring Data Elasticsearch - Registering repository: purchaseRepository - Interface: ar.edu.unlp.info.bd2.repositories.PurchaseRepository - Factory: org.springframework.data.elasticsearch.repository.support.ElasticsearchRepositoryFactoryBean
12:32:25.397 [main] DEBUG org.springframework.data.repository.config.RepositoryConfigurationDelegate - Spring Data Elasticsearch - Registering repository: productOnSaleRepository - Interface: ar.edu.unlp.info.bd2.repositories.ProductOnSaleRepository - Factory: org.springframework.data.elasticsearch.repository.support.ElasticsearchRepositoryFactoryBean
12:32:25.470 [main] DEBUG org.springframework.data.repository.config.RepositoryConfigurationDelegate - Spring Data Elasticsearch - Registering repository: creditCardPaymentRepository - Interface: ar.edu.unlp.info.bd2.repositories.CreditCardPaymentRepository - Factory: org.springframework.data.elasticsearch.repository.support.ElasticsearchRepositoryFactoryBean
12:32:25.493 [main] DEBUG org.springframework.data.repository.config.RepositoryConfigurationDelegate - Finished repository scanning.
12:32:27.968 [main] DEBUG org.springframework.beans.factory.support.DefaultListableBeanFactory - Creating shared instance of singleton bean 'org.springframework.context.event.internalEventListenerProcessor'
12:32:27.998 [main] DEBUG org.springframework.beans.factory.support.DefaultListableBeanFactory - Creating shared instance of singleton bean 'org.springframework.context.event.internalEventListenerFactory'
12:32:28.062 [main] DEBUG org.springframework.beans.factory.support.DefaultListableBeanFactory - Creating shared instance of singleton bean 'org.springframework.context.annotation.internalAutowiredAnnotationProcessor'
12:32:28.092 [main] DEBUG org.springframework.beans.factory.support.DefaultListableBeanFactory - Creating shared instance of singleton bean 'org.springframework.context.annotation.internalCommonAnnotationProcessor'
12:32:28.679 [main] DEBUG org.springframework.beans.factory.support.DefaultListableBeanFactory - Creating shared instance of singleton bean 'org.springframework.context.annotation.internalPersistenceAnnotationProcessor'
12:32:29.082 [main] DEBUG org.springframework.beans.factory.support.DefaultListableBeanFactory - Creating shared instance of singleton bean 'elasticSearchConfiguration'
12:32:29.460 [main] DEBUG org.springframework.beans.factory.support.DefaultListableBeanFactory - Creating shared instance of singleton bean 'client'
12:37:22.489 [main] DEBUG org.springframework.beans.factory.support.DefaultListableBeanFactory - Creating shared instance of singleton bean 'elasticsearchTemplate'
12:37:31.149 [main] WARN org.springframework.context.support.GenericApplicationContext - Exception encountered during context initialization - cancelling refresh attempt: org.springframework.beans.factory.BeanCreationException: Error creating bean with name 'elasticsearchTemplate' defined in ar.edu.unlp.info.bd2.config.ElasticSearchConfiguration: Bean instantiation via factory method failed; nested exception is org.springframework.beans.BeanInstantiationException: Failed to instantiate [org.springframework.data.elasticsearch.core.ElasticsearchOperations]: Factory method 'elasticsearchTemplate' threw exception; nested exception is java.lang.NoClassDefFoundError: org/springframework/data/mapping/model/EntityInstantiators
12:37:31.600 [main] DEBUG org.apache.http.impl.nio.conn.PoolingNHttpClientConnectionManager - Connection manager is shutting down
12:37:31.882 [main] DEBUG org.apache.http.impl.nio.conn.PoolingNHttpClientConnectionManager - Connection manager shut down
12:37:32.640 [main] ERROR org.springframework.test.context.TestContextManager - Caught exception while allowing TestExecutionListener [org.springframework.test.context.support.DependencyInjectionTestExecutionListener@69453e37] to prepare test instance [ar.edu.unlp.info.bd2.services.MLServiceTestCase@33c911a1]
java.lang.IllegalStateException: Failed to load ApplicationContext
	at org.springframework.test.context.cache.DefaultCacheAwareContextLoaderDelegate.loadContext(DefaultCacheAwareContextLoaderDelegate.java:132)
	at org.springframework.test.context.support.DefaultTestContext.getApplicationContext(DefaultTestContext.java:124)
	at org.springframework.test.context.support.DependencyInjectionTestExecutionListener.injectDependencies(DependencyInjectionTestExecutionListener.java:118)
	at org.springframework.test.context.support.DependencyInjectionTestExecutionListener.prepareTestInstance(DependencyInjectionTestExecutionListener.java:83)
	at org.springframework.test.context.TestContextManager.prepareTestInstance(TestContextManager.java:244)
	at org.springframework.test.context.junit.jupiter.SpringExtension.postProcessTestInstance(SpringExtension.java:138)
	at org.junit.jupiter.engine.descriptor.ClassTestDescriptor.lambda$null$2(ClassTestDescriptor.java:204)
	at org.junit.jupiter.engine.descriptor.JupiterTestDescriptor.executeAndMaskThrowable(JupiterTestDescriptor.java:145)
	at org.junit.jupiter.engine.descriptor.ClassTestDescriptor.lambda$invokeTestInstancePostProcessors$3(ClassTestDescriptor.java:204)
	at java.base/java.util.stream.ReferencePipeline$3$1.accept(ReferencePipeline.java:195)
	at java.base/java.util.stream.ReferencePipeline$2$1.accept(ReferencePipeline.java:177)
	at java.base/java.util.ArrayList$ArrayListSpliterator.forEachRemaining(ArrayList.java:1655)
	at java.base/java.util.stream.AbstractPipeline.copyInto(AbstractPipeline.java:484)
	at java.base/java.util.stream.AbstractPipeline.wrapAndCopyInto(AbstractPipeline.java:474)
	at java.base/java.util.stream.StreamSpliterators$WrappingSpliterator.forEachRemaining(StreamSpliterators.java:312)
	at java.base/java.util.stream.Streams$ConcatSpliterator.forEachRemaining(Streams.java:735)
	at java.base/java.util.stream.Streams$ConcatSpliterator.forEachRemaining(Streams.java:734)
	at java.base/java.util.stream.ReferencePipeline$Head.forEach(ReferencePipeline.java:658)
	at org.junit.jupiter.engine.descriptor.ClassTestDescriptor.invokeTestInstancePostProcessors(ClassTestDescriptor.java:203)
	at org.junit.jupiter.engine.descriptor.ClassTestDescriptor.instantiateAndPostProcessTestInstance(ClassTestDescriptor.java:189)
	at org.junit.jupiter.engine.descriptor.ClassTestDescriptor.lambda$testInstanceProvider$1(ClassTestDescriptor.java:181)
	at org.junit.jupiter.engine.descriptor.TestMethodTestDescriptor.prepare(TestMethodTestDescriptor.java:80)
	at org.junit.jupiter.engine.descriptor.TestMethodTestDescriptor.prepare(TestMethodTestDescriptor.java:57)
	at org.junit.platform.engine.support.hierarchical.HierarchicalTestExecutor.execute(HierarchicalTestExecutor.java:60)
	at org.junit.platform.engine.support.hierarchical.HierarchicalTestExecutor.lambda$null$2(HierarchicalTestExecutor.java:92)
	at java.base/java.util.stream.ForEachOps$ForEachOp$OfRef.accept(ForEachOps.java:183)
	at java.base/java.util.stream.ReferencePipeline$2$1.accept(ReferencePipeline.java:177)
	at java.base/java.util.Iterator.forEachRemaining(Iterator.java:133)
	at java.base/java.util.Spliterators$IteratorSpliterator.forEachRemaining(Spliterators.java:1801)
	at java.base/java.util.stream.AbstractPipeline.copyInto(AbstractPipeline.java:484)
	at java.base/java.util.stream.AbstractPipeline.wrapAndCopyInto(AbstractPipeline.java:474)
	at java.base/java.util.stream.ForEachOps$ForEachOp.evaluateSequential(ForEachOps.java:150)
	at java.base/java.util.stream.ForEachOps$ForEachOp$OfRef.evaluateSequential(ForEachOps.java:173)
	at java.base/java.util.stream.AbstractPipeline.evaluate(AbstractPipeline.java:234)
	at java.base/java.util.stream.ReferencePipeline.forEach(ReferencePipeline.java:497)
	at org.junit.platform.engine.support.hierarchical.HierarchicalTestExecutor.lambda$execute$3(HierarchicalTestExecutor.java:92)
	at org.junit.platform.engine.support.hierarchical.SingleTestExecutor.executeSafely(SingleTestExecutor.java:66)
	at org.junit.platform.engine.support.hierarchical.HierarchicalTestExecutor.execute(HierarchicalTestExecutor.java:77)
	at org.junit.platform.engine.support.hierarchical.HierarchicalTestExecutor.lambda$null$2(HierarchicalTestExecutor.java:92)
	at java.base/java.util.stream.ForEachOps$ForEachOp$OfRef.accept(ForEachOps.java:183)
	at java.base/java.util.stream.ReferencePipeline$2$1.accept(ReferencePipeline.java:177)
	at java.base/java.util.Iterator.forEachRemaining(Iterator.java:133)
	at java.base/java.util.Spliterators$IteratorSpliterator.forEachRemaining(Spliterators.java:1801)
	at java.base/java.util.stream.AbstractPipeline.copyInto(AbstractPipeline.java:484)
	at java.base/java.util.stream.AbstractPipeline.wrapAndCopyInto(AbstractPipeline.java:474)
	at java.base/java.util.stream.ForEachOps$ForEachOp.evaluateSequential(ForEachOps.java:150)
	at java.base/java.util.stream.ForEachOps$ForEachOp$OfRef.evaluateSequential(ForEachOps.java:173)
	at java.base/java.util.stream.AbstractPipeline.evaluate(AbstractPipeline.java:234)
	at java.base/java.util.stream.ReferencePipeline.forEach(ReferencePipeline.java:497)
	at org.junit.platform.engine.support.hierarchical.HierarchicalTestExecutor.lambda$execute$3(HierarchicalTestExecutor.java:92)
	at org.junit.platform.engine.support.hierarchical.SingleTestExecutor.executeSafely(SingleTestExecutor.java:66)
	at org.junit.platform.engine.support.hierarchical.HierarchicalTestExecutor.execute(HierarchicalTestExecutor.java:77)
	at org.junit.platform.engine.support.hierarchical.HierarchicalTestExecutor.execute(HierarchicalTestExecutor.java:51)
	at org.junit.platform.engine.support.hierarchical.HierarchicalTestEngine.execute(HierarchicalTestEngine.java:43)
	at org.junit.platform.launcher.core.DefaultLauncher.execute(DefaultLauncher.java:170)
	at org.junit.platform.launcher.core.DefaultLauncher.execute(DefaultLauncher.java:154)
	at org.junit.platform.launcher.core.DefaultLauncher.execute(DefaultLauncher.java:90)
	at org.junit.platform.surefire.provider.JUnitPlatformProvider.invokeAllTests(JUnitPlatformProvider.java:132)
	at org.junit.platform.surefire.provider.JUnitPlatformProvider.invoke(JUnitPlatformProvider.java:111)
	at org.apache.maven.surefire.booter.ForkedBooter.invokeProviderInSameClassLoader(ForkedBooter.java:286)
	at org.apache.maven.surefire.booter.ForkedBooter.runSuitesInProcess(ForkedBooter.java:240)
	at org.apache.maven.surefire.booter.ForkedBooter.main(ForkedBooter.java:121)
Caused by: org.springframework.beans.factory.BeanCreationException: Error creating bean with name 'elasticsearchTemplate' defined in ar.edu.unlp.info.bd2.config.ElasticSearchConfiguration: Bean instantiation via factory method failed; nested exception is org.springframework.beans.BeanInstantiationException: Failed to instantiate [org.springframework.data.elasticsearch.core.ElasticsearchOperations]: Factory method 'elasticsearchTemplate' threw exception; nested exception is java.lang.NoClassDefFoundError: org/springframework/data/mapping/model/EntityInstantiators
	at org.springframework.beans.factory.support.ConstructorResolver.instantiate(ConstructorResolver.java:658)
	at org.springframework.beans.factory.support.ConstructorResolver.instantiateUsingFactoryMethod(ConstructorResolver.java:486)
	at org.springframework.beans.factory.support.AbstractAutowireCapableBeanFactory.instantiateUsingFactoryMethod(AbstractAutowireCapableBeanFactory.java:1334)
	at org.springframework.beans.factory.support.AbstractAutowireCapableBeanFactory.createBeanInstance(AbstractAutowireCapableBeanFactory.java:1177)
	at org.springframework.beans.factory.support.AbstractAutowireCapableBeanFactory.doCreateBean(AbstractAutowireCapableBeanFactory.java:564)
	at org.springframework.beans.factory.support.AbstractAutowireCapableBeanFactory.createBean(AbstractAutowireCapableBeanFactory.java:524)
	at org.springframework.beans.factory.support.AbstractBeanFactory.lambda$doGetBean$0(AbstractBeanFactory.java:335)
	at org.springframework.beans.factory.support.DefaultSingletonBeanRegistry.getSingleton(DefaultSingletonBeanRegistry.java:234)
	at org.springframework.beans.factory.support.AbstractBeanFactory.doGetBean(AbstractBeanFactory.java:333)
	at org.springframework.beans.factory.support.AbstractBeanFactory.getBean(AbstractBeanFactory.java:208)
	at org.springframework.beans.factory.support.DefaultListableBeanFactory.preInstantiateSingletons(DefaultListableBeanFactory.java:944)
	at org.springframework.context.support.AbstractApplicationContext.finishBeanFactoryInitialization(AbstractApplicationContext.java:918)
	at org.springframework.context.support.AbstractApplicationContext.refresh(AbstractApplicationContext.java:583)
	at org.springframework.test.context.support.AbstractGenericContextLoader.loadContext(AbstractGenericContextLoader.java:127)
	at org.springframework.test.context.support.AbstractGenericContextLoader.loadContext(AbstractGenericContextLoader.java:60)
	at org.springframework.test.context.cache.DefaultCacheAwareContextLoaderDelegate.loadContextInternal(DefaultCacheAwareContextLoaderDelegate.java:99)
	at org.springframework.test.context.cache.DefaultCacheAwareContextLoaderDelegate.loadContext(DefaultCacheAwareContextLoaderDelegate.java:124)
	... 61 common frames omitted
Caused by: org.springframework.beans.BeanInstantiationException: Failed to instantiate [org.springframework.data.elasticsearch.core.ElasticsearchOperations]: Factory method 'elasticsearchTemplate' threw exception; nested exception is java.lang.NoClassDefFoundError: org/springframework/data/mapping/model/EntityInstantiators
	at org.springframework.beans.factory.support.SimpleInstantiationStrategy.instantiate(SimpleInstantiationStrategy.java:185)
	at org.springframework.beans.factory.support.ConstructorResolver.instantiate(ConstructorResolver.java:653)
	... 77 common frames omitted
Caused by: java.lang.NoClassDefFoundError: org/springframework/data/mapping/model/EntityInstantiators
	at org.springframework.data.elasticsearch.core.convert.MappingElasticsearchConverter.<init>(MappingElasticsearchConverter.java:101)
	at org.springframework.data.elasticsearch.core.convert.MappingElasticsearchConverter.<init>(MappingElasticsearchConverter.java:110)
	at org.springframework.data.elasticsearch.core.AbstractElasticsearchTemplate.createElasticsearchConverter(AbstractElasticsearchTemplate.java:126)
	at org.springframework.data.elasticsearch.core.ElasticsearchRestTemplate.<init>(ElasticsearchRestTemplate.java:109)
	at ar.edu.unlp.info.bd2.config.ElasticSearchConfiguration.elasticsearchTemplate(ElasticSearchConfiguration.java:29)
	at ar.edu.unlp.info.bd2.config.ElasticSearchConfiguration$$EnhancerBySpringCGLIB$$3aedb4e6.CGLIB$elasticsearchTemplate$0(<generated>)
	at ar.edu.unlp.info.bd2.config.ElasticSearchConfiguration$$EnhancerBySpringCGLIB$$3aedb4e6$$FastClassBySpringCGLIB$$2ad99aa6.invoke(<generated>)
	at org.springframework.cglib.proxy.MethodProxy.invokeSuper(MethodProxy.java:244)
	at org.springframework.context.annotation.ConfigurationClassEnhancer$BeanMethodInterceptor.intercept(ConfigurationClassEnhancer.java:331)
	at ar.edu.unlp.info.bd2.config.ElasticSearchConfiguration$$EnhancerBySpringCGLIB$$3aedb4e6.elasticsearchTemplate(<generated>)
	at java.base/jdk.internal.reflect.NativeMethodAccessorImpl.invoke0(Native Method)
	at java.base/jdk.internal.reflect.NativeMethodAccessorImpl.invoke(NativeMethodAccessorImpl.java:62)
	at java.base/jdk.internal.reflect.DelegatingMethodAccessorImpl.invoke(DelegatingMethodAccessorImpl.java:43)
	at java.base/java.lang.reflect.Method.invoke(Method.java:566)
	at org.springframework.beans.factory.support.SimpleInstantiationStrategy.instantiate(SimpleInstantiationStrategy.java:154)
	... 78 common frames omitted
Caused by: java.lang.ClassNotFoundException: org.springframework.data.mapping.model.EntityInstantiators
	at java.base/jdk.internal.loader.BuiltinClassLoader.loadClass(BuiltinClassLoader.java:581)
	at java.base/jdk.internal.loader.ClassLoaders$AppClassLoader.loadClass(ClassLoaders.java:178)
	at java.base/java.lang.ClassLoader.loadClass(ClassLoader.java:522)
	... 93 common frames omitted
]]></system-out>
  </testcase>
</testsuite>